<?xml version="1.0" encoding="UTF-8"?>
<!-- Generated by org.testng.reporters.JUnitXMLReporter -->
<testsuite hostname="LT1345" name="TestA" tests="3" failures="1" timestamp="27 Jun 2017 23:15:34 GMT" time="3.236" errors="0">
  <testcase name="testA1" time="0.363" classname="com.selenium.core.ddf.testcases.DummyTestA">
    <failure type="java.lang.AssertionError">
      <![CDATA[java.lang.AssertionError
	at org.junit.Assert.fail(Assert.java:92)
	at org.junit.Assert.fail(Assert.java:100)
	at com.selenium.core.ddf.testcases.DummyTestA.testA1(DummyTestA.java:19)
... Removed 24 stack frames]]>
    </failure>
  </testcase> <!-- testA1 -->
  <testcase name="testA2" time="0.0" classname="com.selenium.core.ddf.testcases.DummyTestA">
    <skipped/>
  </testcase> <!-- testA2 -->
  <testcase name="testA3" time="0.0" classname="com.selenium.core.ddf.testcases.DummyTestA">
    <skipped/>
  </testcase> <!-- testA3 -->
</testsuite> <!-- TestA -->
